  [1m[36m (209.5ms)[0m  [1mCREATE TABLE "schema_migrations" ("version" character varying(255) NOT NULL) [0m
  [1m[35m (68.3ms)[0m  CREATE UNIQUE INDEX  "unique_schema_migrations" ON "schema_migrations"  ("version")
  [1m[36mActiveRecord::SchemaMigration Load (0.8ms)[0m  [1mSELECT "schema_migrations".* FROM "schema_migrations"[0m
Migrating to CreateWishes (20140510201423)
  [1m[35m (0.2ms)[0m  BEGIN
  [1m[36m (202.5ms)[0m  [1mCREATE TABLE "wishes" ("id" serial primary key) [0m
  [1m[35mSQL (26.2ms)[0m  INSERT INTO "schema_migrations" ("version") VALUES ($1)  [["version", "20140510201423"]]
  [1m[36m (0.7ms)[0m  [1mCOMMIT[0m
  [1m[35mActiveRecord::SchemaMigration Load (0.2ms)[0m  SELECT "schema_migrations".* FROM "schema_migrations"


Started GET "/" for 127.0.0.1 at 2014-05-10 14:43:18 -0600
  [1m[36mActiveRecord::SchemaMigration Load (0.4ms)[0m  [1mSELECT "schema_migrations".* FROM "schema_migrations"[0m
Processing by WishesController#index as HTML
  Rendered wishes/index.html.erb within layouts/application (1.6ms)
Completed 200 OK in 1229ms (Views: 1196.6ms | ActiveRecord: 0.0ms)


Started GET "/assets/jquery_ujs.js?body=1" for 127.0.0.1 at 2014-05-10 14:43:20 -0600


Started GET "/assets/turbolinks.js?body=1" for 127.0.0.1 at 2014-05-10 14:43:20 -0600


Started GET "/assets/jquery.js?body=1" for 127.0.0.1 at 2014-05-10 14:43:21 -0600


Started GET "/assets/application.js?body=1" for 127.0.0.1 at 2014-05-10 14:43:21 -0600


Started GET "/assets/application.css?body=1" for 127.0.0.1 at 2014-05-10 14:43:21 -0600


Started GET "/wishes/new" for 127.0.0.1 at 2014-05-10 14:43:27 -0600
Processing by WishesController#new as HTML
  Rendered wishes/new.html.erb within layouts/application (0.5ms)
Completed 200 OK in 51ms (Views: 50.0ms | ActiveRecord: 0.0ms)


Started GET "/wishes/new" for 127.0.0.1 at 2014-05-10 14:49:31 -0600
Processing by WishesController#new as HTML
  Rendered wishes/new.html.erb within layouts/application (0.4ms)
Completed 200 OK in 6ms (Views: 4.9ms | ActiveRecord: 0.0ms)


Started GET "/assets/turbolinks.js?body=1" for 127.0.0.1 at 2014-05-10 14:49:31 -0600


Started GET "/assets/application.css?body=1" for 127.0.0.1 at 2014-05-10 14:49:31 -0600


Started GET "/assets/jquery.js?body=1" for 127.0.0.1 at 2014-05-10 14:49:31 -0600


Started GET "/assets/application.js?body=1" for 127.0.0.1 at 2014-05-10 14:49:31 -0600


Started GET "/assets/jquery_ujs.js?body=1" for 127.0.0.1 at 2014-05-10 14:49:31 -0600


Started GET "/wishes/new" for 127.0.0.1 at 2014-05-10 14:49:44 -0600
Processing by WishesController#new as HTML
  Rendered wishes/new.html.erb within layouts/application (0.5ms)
Completed 200 OK in 30ms (Views: 29.7ms | ActiveRecord: 0.0ms)


Started GET "/assets/application.css?body=1" for 127.0.0.1 at 2014-05-10 14:49:44 -0600


Started GET "/assets/jquery.js?body=1" for 127.0.0.1 at 2014-05-10 14:49:44 -0600


Started GET "/assets/turbolinks.js?body=1" for 127.0.0.1 at 2014-05-10 14:49:44 -0600


Started GET "/assets/jquery_ujs.js?body=1" for 127.0.0.1 at 2014-05-10 14:49:44 -0600


Started GET "/assets/application.js?body=1" for 127.0.0.1 at 2014-05-10 14:49:44 -0600
  [1m[36mActiveRecord::SchemaMigration Load (0.3ms)[0m  [1mSELECT "schema_migrations".* FROM "schema_migrations"[0m
  [1m[35mActiveRecord::SchemaMigration Load (0.2ms)[0m  SELECT "schema_migrations".* FROM "schema_migrations"
  [1m[36m (31.9ms)[0m  [1mCREATE TABLE "schema_migrations" ("version" character varying(255) NOT NULL) [0m
  [1m[35m (1.7ms)[0m  CREATE UNIQUE INDEX  "unique_schema_migrations" ON "schema_migrations"  ("version")
  [1m[36mActiveRecord::SchemaMigration Load (0.4ms)[0m  [1mSELECT "schema_migrations".* FROM "schema_migrations"[0m
Migrating to CreateWishes (20140510201423)
  [1m[35m (0.2ms)[0m  BEGIN
  [1m[36m (18.8ms)[0m  [1mCREATE TABLE "wishes" ("id" serial primary key, "wish" character varying(255), "description" character varying(255)) [0m
  [1m[35mSQL (35.6ms)[0m  INSERT INTO "schema_migrations" ("version") VALUES ($1)  [["version", "20140510201423"]]
  [1m[36m (0.8ms)[0m  [1mCOMMIT[0m
  [1m[35mActiveRecord::SchemaMigration Load (0.3ms)[0m  SELECT "schema_migrations".* FROM "schema_migrations"


Started GET "/wishes/new" for 127.0.0.1 at 2014-05-10 15:04:37 -0600
  [1m[36mActiveRecord::SchemaMigration Load (0.3ms)[0m  [1mSELECT "schema_migrations".* FROM "schema_migrations"[0m
Processing by WishesController#new as HTML
  Rendered wishes/new.html.erb within layouts/application (1.1ms)
Completed 200 OK in 100ms (Views: 88.7ms | ActiveRecord: 1.3ms)


Started GET "/assets/jquery_ujs.js?body=1" for 127.0.0.1 at 2014-05-10 15:04:38 -0600


Started GET "/assets/turbolinks.js?body=1" for 127.0.0.1 at 2014-05-10 15:04:38 -0600


Started GET "/assets/jquery.js?body=1" for 127.0.0.1 at 2014-05-10 15:04:38 -0600


Started GET "/assets/application.css?body=1" for 127.0.0.1 at 2014-05-10 15:04:38 -0600


Started GET "/assets/application.js?body=1" for 127.0.0.1 at 2014-05-10 15:04:38 -0600


Started POST "/" for 127.0.0.1 at 2014-05-10 15:04:49 -0600
Processing by WishesController#create as HTML
  Parameters: {"wish"=>"Skydive", "description"=>"Jump from a plane"}
Can't verify CSRF token authenticity
Completed 422 Unprocessable Entity in 1ms

ActionController::InvalidAuthenticityToken (ActionController::InvalidAuthenticityToken):
  actionpack (4.1.1) lib/action_controller/metal/request_forgery_protection.rb:176:in `handle_unverified_request'
  actionpack (4.1.1) lib/action_controller/metal/request_forgery_protection.rb:202:in `handle_unverified_request'
  actionpack (4.1.1) lib/action_controller/metal/request_forgery_protection.rb:197:in `verify_authenticity_token'
  activesupport (4.1.1) lib/active_support/callbacks.rb:424:in `block in make_lambda'
  activesupport (4.1.1) lib/active_support/callbacks.rb:160:in `call'
  activesupport (4.1.1) lib/active_support/callbacks.rb:160:in `block in halting'
  activesupport (4.1.1) lib/active_support/callbacks.rb:86:in `call'
  activesupport (4.1.1) lib/active_support/callbacks.rb:86:in `run_callbacks'
  actionpack (4.1.1) lib/abstract_controller/callbacks.rb:19:in `process_action'
  actionpack (4.1.1) lib/action_controller/metal/rescue.rb:29:in `process_action'
  actionpack (4.1.1) lib/action_controller/metal/instrumentation.rb:31:in `block in process_action'
  activesupport (4.1.1) lib/active_support/notifications.rb:159:in `block in instrument'
  activesupport (4.1.1) lib/active_support/notifications/instrumenter.rb:20:in `instrument'
  activesupport (4.1.1) lib/active_support/notifications.rb:159:in `instrument'
  actionpack (4.1.1) lib/action_controller/metal/instrumentation.rb:30:in `process_action'
  actionpack (4.1.1) lib/action_controller/metal/params_wrapper.rb:250:in `process_action'
  activerecord (4.1.1) lib/active_record/railties/controller_runtime.rb:18:in `process_action'
  actionpack (4.1.1) lib/abstract_controller/base.rb:136:in `process'
  actionview (4.1.1) lib/action_view/rendering.rb:30:in `process'
  actionpack (4.1.1) lib/action_controller/metal.rb:195:in `dispatch'
  actionpack (4.1.1) lib/action_controller/metal/rack_delegation.rb:13:in `dispatch'
  actionpack (4.1.1) lib/action_controller/metal.rb:231:in `block in action'
  actionpack (4.1.1) lib/action_dispatch/routing/route_set.rb:80:in `call'
  actionpack (4.1.1) lib/action_dispatch/routing/route_set.rb:80:in `dispatch'
  actionpack (4.1.1) lib/action_dispatch/routing/route_set.rb:48:in `call'
  actionpack (4.1.1) lib/action_dispatch/journey/router.rb:71:in `block in call'
  actionpack (4.1.1) lib/action_dispatch/journey/router.rb:59:in `each'
  actionpack (4.1.1) lib/action_dispatch/journey/router.rb:59:in `call'
  actionpack (4.1.1) lib/action_dispatch/routing/route_set.rb:676:in `call'
  rack (1.5.2) lib/rack/etag.rb:23:in `call'
  rack (1.5.2) lib/rack/conditionalget.rb:35:in `call'
  rack (1.5.2) lib/rack/head.rb:11:in `call'
  actionpack (4.1.1) lib/action_dispatch/middleware/params_parser.rb:27:in `call'
  actionpack (4.1.1) lib/action_dispatch/middleware/flash.rb:254:in `call'
  rack (1.5.2) lib/rack/session/abstract/id.rb:225:in `context'
  rack (1.5.2) lib/rack/session/abstract/id.rb:220:in `call'
  actionpack (4.1.1) lib/action_dispatch/middleware/cookies.rb:560:in `call'
  activerecord (4.1.1) lib/active_record/query_cache.rb:36:in `call'
  activerecord (4.1.1) lib/active_record/connection_adapters/abstract/connection_pool.rb:621:in `call'
  activerecord (4.1.1) lib/active_record/migration.rb:380:in `call'
  actionpack (4.1.1) lib/action_dispatch/middleware/callbacks.rb:29:in `block in call'
  activesupport (4.1.1) lib/active_support/callbacks.rb:82:in `run_callbacks'
  actionpack (4.1.1) lib/action_dispatch/middleware/callbacks.rb:27:in `call'
  actionpack (4.1.1) lib/action_dispatch/middleware/reloader.rb:73:in `call'
  actionpack (4.1.1) lib/action_dispatch/middleware/remote_ip.rb:76:in `call'
  actionpack (4.1.1) lib/action_dispatch/middleware/debug_exceptions.rb:17:in `call'
  actionpack (4.1.1) lib/action_dispatch/middleware/show_exceptions.rb:30:in `call'
  railties (4.1.1) lib/rails/rack/logger.rb:38:in `call_app'
  railties (4.1.1) lib/rails/rack/logger.rb:20:in `block in call'
  activesupport (4.1.1) lib/active_support/tagged_logging.rb:68:in `block in tagged'
  activesupport (4.1.1) lib/active_support/tagged_logging.rb:26:in `tagged'
  activesupport (4.1.1) lib/active_support/tagged_logging.rb:68:in `tagged'
  railties (4.1.1) lib/rails/rack/logger.rb:20:in `call'
  actionpack (4.1.1) lib/action_dispatch/middleware/request_id.rb:21:in `call'
  rack (1.5.2) lib/rack/methodoverride.rb:21:in `call'
  rack (1.5.2) lib/rack/runtime.rb:17:in `call'
  activesupport (4.1.1) lib/active_support/cache/strategy/local_cache_middleware.rb:26:in `call'
  rack (1.5.2) lib/rack/lock.rb:17:in `call'
  actionpack (4.1.1) lib/action_dispatch/middleware/static.rb:64:in `call'
  rack (1.5.2) lib/rack/sendfile.rb:112:in `call'
  railties (4.1.1) lib/rails/engine.rb:514:in `call'
  railties (4.1.1) lib/rails/application.rb:144:in `call'
  rack (1.5.2) lib/rack/lock.rb:17:in `call'
  rack (1.5.2) lib/rack/content_length.rb:14:in `call'
  rack (1.5.2) lib/rack/handler/webrick.rb:60:in `service'
  /Users/paulwenig/.rvm/rubies/ruby-2.1.1/lib/ruby/2.1.0/webrick/httpserver.rb:138:in `service'
  /Users/paulwenig/.rvm/rubies/ruby-2.1.1/lib/ruby/2.1.0/webrick/httpserver.rb:94:in `run'
  /Users/paulwenig/.rvm/rubies/ruby-2.1.1/lib/ruby/2.1.0/webrick/server.rb:295:in `block in start_thread'


  Rendered /Users/paulwenig/.rvm/gems/ruby-2.1.1/gems/actionpack-4.1.1/lib/action_dispatch/middleware/templates/rescues/_source.erb (0.5ms)
  Rendered /Users/paulwenig/.rvm/gems/ruby-2.1.1/gems/actionpack-4.1.1/lib/action_dispatch/middleware/templates/rescues/_trace.html.erb (1.1ms)
  Rendered /Users/paulwenig/.rvm/gems/ruby-2.1.1/gems/actionpack-4.1.1/lib/action_dispatch/middleware/templates/rescues/_request_and_response.html.erb (0.9ms)
  Rendered /Users/paulwenig/.rvm/gems/ruby-2.1.1/gems/actionpack-4.1.1/lib/action_dispatch/middleware/templates/rescues/diagnostics.erb within rescues/layout (17.4ms)


Started POST "/" for 127.0.0.1 at 2014-05-10 15:05:03 -0600
Processing by WishesController#create as HTML
  Parameters: {"wish"=>"Skydive", "description"=>"Jump from a plane"}
  [1m[35m (0.1ms)[0m  BEGIN
  [1m[36mSQL (9.5ms)[0m  [1mINSERT INTO "wishes" ("description", "wish") VALUES ($1, $2) RETURNING "id"[0m  [["description", "Jump from a plane"], ["wish", "Skydive"]]
  [1m[35m (0.4ms)[0m  COMMIT
Redirected to http://localhost:3000/
Completed 302 Found in 19ms (ActiveRecord: 11.4ms)


Started GET "/" for 127.0.0.1 at 2014-05-10 15:05:03 -0600
Processing by WishesController#index as HTML
  [1m[36mWish Load (0.3ms)[0m  [1mSELECT "wishes".* FROM "wishes"[0m
  Rendered wishes/index.html.erb within layouts/application (1.3ms)
Completed 200 OK in 5ms (Views: 4.4ms | ActiveRecord: 0.3ms)


Started GET "/assets/application.css?body=1" for 127.0.0.1 at 2014-05-10 15:05:03 -0600


Started GET "/assets/jquery.js?body=1" for 127.0.0.1 at 2014-05-10 15:05:03 -0600


Started GET "/assets/application.js?body=1" for 127.0.0.1 at 2014-05-10 15:05:03 -0600


Started GET "/assets/jquery_ujs.js?body=1" for 127.0.0.1 at 2014-05-10 15:05:03 -0600


Started GET "/assets/turbolinks.js?body=1" for 127.0.0.1 at 2014-05-10 15:05:03 -0600
